[bitfxf.com/index.html]
[backblue.gif]
[fade.gif]
[index.html]
[bitfxf.com/storage/app/public/photos/upload-favicon.png1617293031]
[bitfxf.com/temp/css/bootstrap.min.css]
[bitfxf.com/temp/css/line.css]
[bitfxf.com/temp/css/materialdesignicons.min.css]
[bitfxf.com/temp/css/flexslider.css]
[bitfxf.com/temp/css/magnific-popup.css]
[bitfxf.com/temp/css/owl.carousel.min.css]
[bitfxf.com/temp/css/owl.theme.default.min.css]
[bitfxf.com/temp/css/style.css]
[bitfxf.com/temp/css/colors/default.css]
[client.crisp.chat/l.js]
[bitfxf.com/temp/images/logo-dark.png]
[bitfxf.com/login.html]
[bitfxf.com/register.html]
[bitfxf.com/about.html]
[bitfxf.com/faq.html]
[bitfxf.com/storage/app/public/photos/b9158Babout.jpg]
[bitfxf.com/contact.html]
[bitfxf.com/temp/images/icon/key.svg]
[bitfxf.com/temp/images/icon/locked.svg]
[bitfxf.com/temp/images/app/phone.png]
[bitfxf.com/temp/images/app/laptop.png]
[bitfxf.com/storage/app/public/photos/SIu0JZ01.jpg1635329714]
[bitfxf.com/storage/app/public/photos/iAwfKeabout.png]
[bitfxf.com/temp/js/jquery-3.5.1.min.js]
[bitfxf.com/storage/app/public/photos/upload-testimonial-1.jpg1617292794]
[bitfxf.com/temp/js/bootstrap.bundle.min.js]
[bitfxf.com/temp/js/owl.carousel.min.js]
[bitfxf.com/temp/js/owl.init.js]
[bitfxf.com/temp/js/feather.min.js]
[bitfxf.com/temp/js/bundle.js]
[bitfxf.com/temp/js/app.js]
[bitfxf.com/index.html]
[bitfxf.com/temp/css/bootstrap.min.css]
[bitfxf.com/temp/js/widget.js]
[bitfxf.com/temp/fonts/materialdesignicons-webfonte910e910.html]
[bitfxf.com/temp/fonts/materialdesignicons-webfonte910e910.woff]
[bitfxf.com/temp/fonts/materialdesignicons-webfontd41dd41d.eot]
[bitfxf.com/temp/fonts/materialdesignicons-webfonte910-2.25e910.delayed]
[bitfxf.com/temp/css/materialdesignicons.min.css]
[bitfxf.com/temp/css/line.css]
[bitfxf.com/temp/fonts/flexslider-icon.html]
[bitfxf.com/temp/fonts/flexslider-icond41dd41d.html]
[bitfxf.com/temp/fonts/flexslider-icon-2.html]
[bitfxf.com/temp/fonts/flexslider-icon-3.html]
[bitfxf.com/temp/fonts/flexslider-icon-4.html]
[bitfxf.com/temp/css/flexslider.css]
[bitfxf.com/temp/css/magnific-popup.css]
[bitfxf.com/temp/css/owl.video.play.html]
[bitfxf.com/temp/css/owl.carousel.min.css]
[bitfxf.com/temp/css/owl.theme.default.min.css]
[bitfxf.com/temp/images/task/bg.png]
[bitfxf.com/temp/images/process.png]
[bitfxf.com/temp/css/style.css]
[bitfxf.com/temp/css/colors/default.css]
[bitfxf.com/storage/app/public/photos/qpZSD0logo-dark.png1635335110]
[bitfxf.com/forgot-password.html]
[bitfxf.com/auth/google/redirect]
[bitfxf.com/login.html]
[bitfxf.com/auth/google/redirect]
[bitfxf.com/register.html]
[bitfxf.com/about.html]
[bitfxf.com/faq.html]
[bitfxf.com/contact.html]
[bitfxf.com/temp/images/icon/key.svg]
[bitfxf.com/temp/images/icon/locked.svg]
[bitfxf.com/temp/js/jquery-3.5.1.min.js]
[bitfxf.com/temp/js/bootstrap.bundle.min.js]
[bitfxf.com/temp/js/owl.carousel.min.js]
[bitfxf.com/temp/js/owl.init.js]
[bitfxf.com/node.js]
[bitfxf.com/temp/js/feather.min.js]
[bitfxf.com/temp/js/bundle.html]
[bitfxf.com/temp/js/app.js]
[bitfxf.com/temp/js/widget.js]
[bitfxf.com/temp/fonts/materialdesignicons-webfonte910e910.eot]
[bitfxf.com/temp/fonts/materialdesignicons-webfonte910e910.html]
[bitfxf.com/temp/fonts/materialdesignicons-webfonte910-2e910.html]
[bitfxf.com/temp/fonts/flexslider-icon.html]
[bitfxf.com/temp/fonts/flexslider-icond41dd41d.html]
[bitfxf.com/temp/fonts/flexslider-icon-2.html]
[bitfxf.com/temp/fonts/flexslider-icon-3.html]
[bitfxf.com/temp/fonts/flexslider-icon-4.html]
[bitfxf.com/temp/css/owl.video.play.html]
[bitfxf.com/temp/images/task/bg.html]
[bitfxf.com/temp/images/process.html]
[bitfxf.com/forgot-password.html]
[bitfxf.com/node.html]
[bitfxf.com/edge]
[bitfxf.com/edge/index.html]
[bitfxf.com/edge.html]
